Copyright 1986-2022 Xilinx, Inc. All Rights Reserved. Copyright 2022-2023 Advanced Micro Devices, Inc. All Rights Reserved.
---------------------------------------------------------------------------------------------------------------------------------------------
| Tool Version : Vivado v.2023.2 (win64) Build 4029153 Fri Oct 13 20:14:34 MDT 2023
| Date         : Thu May 16 23:22:09 2024
| Host         : 102-035 running 64-bit major release  (build 9200)
| Command      : report_control_sets -verbose -file vga_driver_control_sets_placed.rpt
| Design       : vga_driver
| Device       : xc7z020
---------------------------------------------------------------------------------------------------------------------------------------------

Control Set Information

Table of Contents
-----------------
1. Summary
2. Histogram
3. Flip-Flop Distribution
4. Detailed Control Set Information

1. Summary
----------

+----------------------------------------------------------+-------+
|                          Status                          | Count |
+----------------------------------------------------------+-------+
| Total control sets                                       |    36 |
|    Minimum number of control sets                        |    36 |
|    Addition due to synthesis replication                 |     0 |
|    Addition due to physical synthesis replication        |     0 |
| Unused register locations in slices containing registers |   123 |
+----------------------------------------------------------+-------+
* Control sets can be merged at opt_design using control_set_merge or merge_equivalent_drivers
** Run report_qor_suggestions for automated merging and remapping suggestions


2. Histogram
------------

+--------------------+-------+
|       Fanout       | Count |
+--------------------+-------+
| Total control sets |    36 |
| >= 0 to < 4        |     9 |
| >= 4 to < 6        |     3 |
| >= 6 to < 8        |     0 |
| >= 8 to < 10       |     4 |
| >= 10 to < 12      |     1 |
| >= 12 to < 14      |     1 |
| >= 14 to < 16      |     0 |
| >= 16              |    18 |
+--------------------+-------+
* Control sets can be remapped at either synth_design or opt_design


3. Flip-Flop Distribution
-------------------------

+--------------+-----------------------+------------------------+-----------------+--------------+
| Clock Enable | Synchronous Set/Reset | Asynchronous Set/Reset | Total Registers | Total Slices |
+--------------+-----------------------+------------------------+-----------------+--------------+
| No           | No                    | No                     |              48 |           26 |
| No           | No                    | Yes                    |               0 |            0 |
| No           | Yes                   | No                     |             167 |           51 |
| Yes          | No                    | No                     |             159 |           50 |
| Yes          | No                    | Yes                    |               0 |            0 |
| Yes          | Yes                   | No                     |             631 |          259 |
+--------------+-----------------------+------------------------+-----------------+--------------+


4. Detailed Control Set Information
-----------------------------------

+-----------------------------------------------+-----------------------------------------------------+--------------------------------------------+------------------+----------------+--------------+
|                  Clock Signal                 |                    Enable Signal                    |              Set/Reset Signal              | Slice Load Count | Bel Load Count | Bels / Slice |
+-----------------------------------------------+-----------------------------------------------------+--------------------------------------------+------------------+----------------+--------------+
|  clk10Hz_BUFG                                 | knob_rand_num0                                      | wire_rand_num                              |                1 |              1 |         1.00 |
|  red_reg[3]_i_2_n_0                           |                                                     | blue_reg[3]_i_2_n_0                        |                1 |              1 |         1.00 |
|  mushroom/knob_completed0                     |                                                     |                                            |                1 |              1 |         1.00 |
|  clk_IBUF_BUFG                                | mushroom/spi_master_0/FSM_sequential_state_reg[2]   |                                            |                1 |              1 |         1.00 |
|  keyboard_completed_reg_i_1_n_0               |                                                     |                                            |                1 |              1 |         1.00 |
|  selected_indicator_img_reg[105][799]_i_2_n_0 |                                                     |                                            |                1 |              2 |         2.00 |
| ~refresh_screen                               |                                                     |                                            |                1 |              2 |         2.00 |
|  red_reg[3]_i_2_n_0                           |                                                     | red_reg[3]_i_3_n_0                         |                1 |              2 |         2.00 |
|  clk10Hz_BUFG                                 | R_LED0                                              |                                            |                1 |              3 |         3.00 |
|  global_countdown_reg[31]_i_3_n_0             | sel__0                                              | data_in[3]_i_1_n_0                         |                2 |              4 |         2.00 |
|  ssd_control/comp_clk100Hz/CLK                |                                                     |                                            |                1 |              5 |         5.00 |
|  clk_IBUF_BUFG                                | mushroom/spi_master_0/clk_toggles[4]_i_1_n_0        | mushroom/spi_master_0/count[31]_i_1__3_n_0 |                2 |              5 |         2.50 |
|  clk_IBUF_BUFG                                | mushroom/spi_master_0/FSM_sequential_state_reg[2]_3 |                                            |                1 |              8 |         8.00 |
|  clk_IBUF_BUFG                                | mushroom/spi_master_0/byte_reg[2]_1                 |                                            |                2 |              8 |         4.00 |
|  clk_IBUF_BUFG                                | mushroom/spi_master_0/rx_buffer[7]_i_1_n_0          |                                            |                1 |              8 |         8.00 |
|  clk_IBUF_BUFG                                | mushroom/spi_master_0/rx_data[7]_i_1_n_0            |                                            |                1 |              8 |         8.00 |
|  clk10Hz_BUFG                                 |                                                     |                                            |                7 |             10 |         1.43 |
|  clk10Hz_BUFG                                 | knob_rand_num0                                      |                                            |                8 |             13 |         1.62 |
|  clk_IBUF_BUFG                                | mushroom/x_position[7]_i_1_n_0                      |                                            |                4 |             18 |         4.50 |
|  clk_IBUF_BUFG                                | mushroom/spi_master_0/busy_reg_1                    |                                            |               11 |             24 |         2.18 |
|  clk10Hz_BUFG                                 | keyboard_display_img[3][0]                          | keyboard_display_img[3][42][57]_i_1_n_0    |               11 |             25 |         2.27 |
|  clk_IBUF_BUFG                                |                                                     |                                            |               14 |             27 |         1.93 |
|  clk10Hz_BUFG                                 | selected_scene[30]_i_2_n_0                          | selected_scene[30]_i_1_n_0                 |               10 |             29 |         2.90 |
|  clk_IBUF_BUFG                                | mushroom/spi_master_0/count[31]_i_2__0_n_0          | mushroom/spi_master_0/count[31]_i_1__3_n_0 |                7 |             29 |         4.14 |
|  clk10Hz_BUFG                                 | led_state2                                          | wire_hz_counter[31]_i_1_n_0                |                8 |             31 |         3.88 |
|  global_countdown_reg[31]_i_3_n_0             | global_countdown                                    |                                            |                9 |             32 |         3.56 |
|  clk_IBUF_BUFG                                |                                                     | comp_clk1Hz/pulse                          |                9 |             32 |         3.56 |
|  clk_IBUF_BUFG                                |                                                     | ssd_control/comp_clk100Hz/p_0_in           |                9 |             32 |         3.56 |
|  clk_IBUF_BUFG                                |                                                     | comp_clk50MHz/pulse                        |                9 |             32 |         3.56 |
|  clk_IBUF_BUFG                                |                                                     | comp_clk10Hz/count[31]_i_1__1_n_0          |                9 |             32 |         3.56 |
|  global_countdown_reg[31]_i_3_n_0             | sel__0                                              |                                            |               11 |             36 |         3.27 |
|  clk50MHz_BUFG                                |                                                     | vcount                                     |               13 |             36 |         2.77 |
|  clk50MHz_BUFG                                | vcount                                              | vcount[31]_i_1_n_0                         |               18 |             61 |         3.39 |
|  clk10Hz_BUFG                                 | keyboard_display_img[2][0]                          | keyboard_display_img[2][34][40]_i_1_n_0    |               29 |             63 |         2.17 |
|  clk10Hz_BUFG                                 | keyboard_display_img[1][0]                          | keyboard_display_img[1][26][44]_i_1_n_0    |               67 |            142 |         2.12 |
|  clk10Hz_BUFG                                 | keyboard_display_img[0][18][69]_i_2_n_0             | keyboard_display_img[0][18][69]_i_1_n_0    |              104 |            241 |         2.32 |
+-----------------------------------------------+-----------------------------------------------------+--------------------------------------------+------------------+----------------+--------------+


